  BasicShapeObjs.cpp
C:\Users\user\Desktop\2021-2학기\컴퓨터그래픽스\CU_CG_CourseExamples-master\CarGame\BaseCodes\BasicShapeObjs.cpp(2,10): fatal error C1083: 포함 파일을 열 수 없습니다. 'GL/glew.h': No such file or directory
  Camera.cpp
C:\Users\user\Desktop\2021-2학기\컴퓨터그래픽스\CU_CG_CourseExamples-master\CarGame\BaseCodes\Camera.h(3,10): fatal error C1083: 포함 파일을 열 수 없습니다. 'glm/glm.hpp': No such file or directory
  GroundObj2.cpp
C:\Users\user\Desktop\2021-2학기\컴퓨터그래픽스\CU_CG_CourseExamples-master\CarGame\BaseCodes\GroundObj2.cpp(2,10): fatal error C1083: 포함 파일을 열 수 없습니다. 'GL/glew.h': No such file or directory
  InitShader.cpp
C:\Users\user\Desktop\2021-2학기\컴퓨터그래픽스\CU_CG_CourseExamples-master\CarGame\BaseCodes\InitShader.cpp(2,10): fatal error C1083: 포함 파일을 열 수 없습니다. 'GL/glew.h': No such file or directory
  Mesh.cpp
C:\Users\user\Desktop\2021-2학기\컴퓨터그래픽스\CU_CG_CourseExamples-master\CarGame\BaseCodes\Mesh.h(4,10): fatal error C1083: 포함 파일을 열 수 없습니다. 'glm/glm.hpp': No such file or directory
  MeshHemisphere.cpp
C:\Users\user\Desktop\2021-2학기\컴퓨터그래픽스\CU_CG_CourseExamples-master\CarGame\BaseCodes\Mesh.h(4,10): fatal error C1083: 포함 파일을 열 수 없습니다. 'glm/glm.hpp': No such file or directory
  MeshSphere.cpp
C:\Users\user\Desktop\2021-2학기\컴퓨터그래픽스\CU_CG_CourseExamples-master\CarGame\BaseCodes\Mesh.h(4,10): fatal error C1083: 포함 파일을 열 수 없습니다. 'glm/glm.hpp': No such file or directory
  CarGame0App.cpp
C:\Users\user\Desktop\2021-2학기\컴퓨터그래픽스\CU_CG_CourseExamples-master\CarGame\CarGame0\CarGame0App.cpp(4,10): fatal error C1083: 포함 파일을 열 수 없습니다. 'GL/glew.h': No such file or directory
  CarModel.cpp
C:\Users\user\Desktop\2021-2학기\컴퓨터그래픽스\CU_CG_CourseExamples-master\CarGame\CarGame0\CarModel.cpp(3,10): fatal error C1083: 포함 파일을 열 수 없습니다. 'GL/glew.h': No such file or directory
  main_CarGame0.cpp
C:\Users\user\Desktop\2021-2학기\컴퓨터그래픽스\CU_CG_CourseExamples-master\CarGame\CarGame0\main_CarGame0.cpp(2,10): fatal error C1083: 포함 파일을 열 수 없습니다. 'GL/glew.h': No such file or directory
  TreeModel0.cpp
C:\Users\user\Desktop\2021-2학기\컴퓨터그래픽스\CU_CG_CourseExamples-master\CarGame\CarGame0\TreeModel0.cpp(2,10): fatal error C1083: 포함 파일을 열 수 없습니다. 'GL/glew.h': No such file or directory
  코드를 생성하고 있습니다...
